[00:31:49] [main/INFO]: Loading Minecraft 1.21.1 with Fabric Loader 0.18.4
[00:31:49] [main/INFO]: Loading 4 mods:
	- fabricloader 0.18.4
	   \-- mixinextras 0.5.0
	- java 25
	- minecraft 1.21.1
[00:31:49] [main/INFO]: SpongePowered MIXIN Subsystem Version=0.8.7 Source=file:/workspaces/Server-Minecraft/fabric-1.21.1/libraries/net/fabricmc/sponge-mixin/0.17.0+mixin.0.8.7/sponge-mixin-0.17.0+mixin.0.8.7.jar Service=Knot/Fabric Env=SERVER
[00:31:58] [main/INFO]: Environment: Environment[sessionHost=https://sessionserver.mojang.com, servicesHost=https://api.minecraftservices.com, name=PROD]
[00:32:01] [main/INFO]: Loaded 1290 recipes
[00:32:01] [main/INFO]: Loaded 1399 advancements
[00:32:02] [Server thread/INFO]: Starting minecraft server version 1.21.1
[00:32:02] [Server thread/INFO]: Loading properties
[00:32:02] [Server thread/INFO]: Default game type: SURVIVAL
[00:32:02] [Server thread/INFO]: Generating keypair
[00:32:02] [Server thread/INFO]: Starting Minecraft server on *:25565
[00:32:02] [Server thread/INFO]: Using epoll channel type
[00:32:02] [Server thread/INFO]: Preparing level "world"
[00:32:10] [Server thread/INFO]: Preparing start region for dimension minecraft:overworld
[00:32:10] [Worker-Main-1/INFO]: Preparing spawn area: 0%
[00:32:10] [Worker-Main-1/INFO]: Preparing spawn area: 0%
[00:32:10] [Server thread/INFO]: Time elapsed: 919 ms
[00:32:10] [Server thread/INFO]: Done (8.342s)! For help, type "help"
[00:32:12] [User Authenticator #1/INFO]: UUID of player prasetyo is 8cb770c8-19ce-487a-b9dc-1cfafdbe6fdb
[00:32:13] [Server thread/INFO]: prasetyo[/127.165.234.23:45883] logged in with entity id 90 at (155.5, 68.0, -54.5)
[00:32:13] [Server thread/INFO]: prasetyo joined the game
[00:32:31] [Server thread/WARN]: Mismatch in destroy block pos: class_2338{x=0, y=0, z=0} class_2338{x=157, y=69, z=-56}
[00:32:32] [Server thread/WARN]: Mismatch in destroy block pos: class_2338{x=0, y=0, z=0} class_2338{x=154, y=68, z=-58}
[00:32:33] [Server thread/WARN]: Mismatch in destroy block pos: class_2338{x=0, y=0, z=0} class_2338{x=154, y=68, z=-58}
[00:32:33] [Server thread/WARN]: Mismatch in destroy block pos: class_2338{x=0, y=0, z=0} class_2338{x=156, y=68, z=-58}
[00:32:33] [Server thread/WARN]: Mismatch in destroy block pos: class_2338{x=0, y=0, z=0} class_2338{x=157, y=68, z=-57}
[00:32:37] [Server thread/INFO]: prasetyo lost connection: Disconnected
[00:32:37] [Server thread/INFO]: prasetyo left the game
[00:32:43] [Server thread/INFO]: Made prasetyo a server operator
[00:33:07] [User Authenticator #2/INFO]: UUID of player prasetyo is 8cb770c8-19ce-487a-b9dc-1cfafdbe6fdb
[00:33:08] [Server thread/INFO]: prasetyo[/127.165.234.23:50557] logged in with entity id 348 at (150.9454380589582, 69.0, -50.554522983416376)
[00:33:08] [Server thread/INFO]: prasetyo joined the game
[00:33:12] [Server thread/INFO]: [prasetyo: Set own game mode to Creative Mode]
[00:33:21] [Server thread/INFO]: [prasetyo: Set the time to 1000]
[00:34:19] [Server thread/INFO]: [prasetyo: Set the weather to clear]
[00:39:25] [Server thread/INFO]: prasetyo lost connection: Disconnected
[00:39:25] [Server thread/INFO]: prasetyo left the game
