#
# There is insufficient memory for the Java Runtime Environment to continue.
# Native memory allocation (mmap) failed to map 8589934592 bytes. Error detail: committing reserved memory.
# Possible reasons:
#   The system is out of physical RAM or swap space
#   This process has exceeded the maximum number of memory mappings (check below
#     for `/proc/sys/vm/max_map_count` and `Total number of mappings`)
#   This process is running with CompressedOops enabled, and the Java Heap may be blocking the growth of the native heap
# Possible solutions:
#   Reduce memory load on the system
#   Increase physical memory or swap space
#   Check if swap backing store is full
#   Decrease Java heap size (-Xmx/-Xms)
#   Decrease number of Java threads
#   Decrease Java thread stack sizes (-Xss)
#   Set larger code cache with -XX:ReservedCodeCacheSize=
#   JVM is running with Zero Based Compressed Oops mode in which the Java heap is
#     placed in the first 32GB address space. The Java Heap base address is the
#     maximum limit for the native heap growth. Please use -XX:HeapBaseMinAddress
#     to set the Java Heap base and to place the Java Heap above 32GB virtual address.
# This output file may be truncated or incomplete.
#
#  Out of Memory Error (os_linux.cpp:2925), pid=11395, tid=11396
#
# JRE version:  (25.0.1+8) (build )
# Java VM: OpenJDK 64-Bit Server VM (25.0.1+8-LTS, mixed mode, sharing, tiered, compressed oops, compressed class ptrs, g1 gc, linux-amd64)
# Core dump will be written. Default location: Core dumps may be processed with "/usr/share/apport/apport -p%p -s%s -c%c -d%d -P%P -u%u -g%g -F%F -- %E" (or dumping to /workspaces/Server-Minecraft/fabric-1.21.1/core.11395)
#

---------------  S U M M A R Y ------------

Command Line: -Xmx14G -Xms8G fabric-server-launch.jar nogui

Host: AMD EPYC 7763 64-Core Processor, 2 cores, 7G, Ubuntu 24.04.3 LTS
Time: Tue Jan 20 14:13:37 2026 UTC elapsed time: 0.004428 seconds (0d 0h 0m 0s)

---------------  T H R E A D  ---------------

Current thread (0x0000786f98029fc0):  JavaThread "Unknown thread" [_thread_in_vm, id=11396, stack(0x0000786f9f5bf000,0x0000786f9f6bf000) (1024K)]

Stack: [0x0000786f9f5bf000,0x0000786f9f6bf000],  sp=0x0000786f9f6bb430,  free space=1009k
Native frames: (J=compiled Java code, j=interpreted, Vv=VM code, C=native code)
V  [libjvm.so+0x1195354]  VMError::report(outputStream*, bool)+0x2d04  (os_linux.cpp:2925)
V  [libjvm.so+0x119771e]  VMError::report_and_die(int, char const*, char const*, __va_list_tag*, Thread*, unsigned char*, void const*, void const*, char const*, int, unsigned long)+0x2be
V  [libjvm.so+0x11982cd]
V  [libjvm.so+0x777d2f]
V  [libjvm.so+0xe22308]  os::Linux::commit_memory_impl(char*, unsigned long, bool) [clone .part.0]+0xe8
V  [libjvm.so+0xe22892]  os::pd_commit_memory_or_exit(char*, unsigned long, unsigned long, bool, char const*)+0x82
V  [libjvm.so+0xe15abd]  os::commit_memory_or_exit(char*, unsigned long, unsigned long, bool, char const*)+0x1d
V  [libjvm.so+0x90488b]  G1PageBasedVirtualSpace::commit(unsigned long, unsigned long)+0xfb
V  [libjvm.so+0x91a87f]  G1RegionsLargerThanCommitSizeMapper::commit_regions(unsigned int, unsigned long, WorkerThreads*)+0x9f
V  [libjvm.so+0x8edf25]  G1HeapRegionManager::commit_regions(unsigned int, unsigned long, WorkerThreads*)+0x55
V  [libjvm.so+0x8efb1b]  G1HeapRegionManager::expand(unsigned int, unsigned int, WorkerThreads*)+0x2b
V  [libjvm.so+0x8efd3e]  G1HeapRegionManager::expand_by(unsigned int, WorkerThreads*)+0x7e
V  [libjvm.so+0x8a2f36]  G1CollectedHeap::expand(unsigned long, WorkerThreads*, double*)+0xb6
V  [libjvm.so+0x8a4f3e]  G1CollectedHeap::initialize()+0x58e
V  [libjvm.so+0x1138edb]  universe_init()+0xeb
V  [libjvm.so+0x9be111]  init_globals()+0x61
V  [libjvm.so+0x1112118]  Threads::create_vm(JavaVMInitArgs*, bool*)+0x2e8
V  [libjvm.so+0xaa9d5f]  JNI_CreateJavaVM+0x4f
C  [libjli.so+0x3bbb]  JavaMain+0x8b
C  [libjli.so+0x7b49]  ThreadJavaMain+0x9
C  [libc.so.6+0x9caa4]
Lock stack of current Java thread (top to bottom):


---------------  P R O C E S S  ---------------

Threads class SMR info:
_java_thread_list=0x0000786fa0ed5820, length=0, elements={
}

Java Threads: ( => current thread )
Total: 0

Other Threads:
  0x0000786f98054a80 WorkerThread "GC Thread#0"                     [id=11397, stack(0x0000786f9d300000,0x0000786f9d400000) (1024K)]
  0x0000786f9806b2d0 ConcurrentGCThread "G1 Main Marker"            [id=11398, stack(0x0000786f9d1ff000,0x0000786f9d2ff000) (1024K)]
  0x0000786f9806c4a0 WorkerThread "G1 Conc#0"                       [id=11399, stack(0x0000786f9d0fe000,0x0000786f9d1fe000) (1024K)]

[error occurred during error reporting (printing all threads), id 0xb, SIGSEGV (0xb) at pc=0x0000786fa007006b]
VM state: not at safepoint (not fully initialized)

VM Mutex/Monitor currently owned by a thread:  ([mutex/lock_event])
[0x0000786fa0eaede8] Heap_lock - owner thread: 0x0000786f98029fc0

Heap address: 0x0000000480000000, size: 14336 MB, Compressed Oops mode: Zero based, Oop shift amount: 3

CDS archive(s) mapped at: [0x0000000000000000-0x0000000000000000-0x0000000000000000), size 0, SharedBaseAddress: 0x0000000800000000, ArchiveRelocationMode: 1.
UseCompressedClassPointers 1, UseCompactObjectHeaders 0
Narrow klass pointer bits 32, Max shift 3
Narrow klass base: 0xffffffffffffffff, Narrow klass shift: -1
Encoding Range: [0xffffffffffffffff - 0x000000007fffffff), (2147483648 bytes)
Klass Range:    [0x0000000000000000 - 0x0000000000000000), (0 bytes)
Klass ID Range:  [4294967295 - 0) (1)
No protection zone.

GC Precious Log:
 CardTable entry size: 512
 Card Set container configuration: InlinePtr #cards 4 size 8 Array Of Cards #cards 64 size 144 Howl #buckets 8 coarsen threshold 14745 Howl Bitmap #cards 2048 size 272 coarsen threshold 1843 Card regions per heap region 1 cards per card region 16384

Heap:
 garbage-first heap   total reserved 14680064K, committed 0K, used 0K [0x0000000480000000, 0x0000000800000000)
  region size 8192K, 0 young (0K), 0 survivors (0K)

Heap Regions: E=young(eden), S=young(survivor), O=old, HS=humongous(starts), HC=humongous(continues), CS=collection set, F=free, TAMS=top-at-mark-start, PB=parsable bottom

Card table byte_map: [0x0000786f7e800000,0x0000786f80400000] _byte_map_base: 0x0000786f7c400000

Marking Bits: (CMBitMap*) 0x0000786f980557d0
 Bits: [0x0000786f70800000, 0x0000786f7e800000)

GC Heap Usage History (0 events):
No events

Metaspace Usage History (0 events):
No events

Dll operation events (1 events):
Event: 0.002 Loaded shared library /usr/local/sdkman/candidates/java/25.0.1-ms/lib/libjava.so

Deoptimization events (0 events):
No events

Classes loaded (0 events):
No events

Classes unloaded (0 events):
No events

Classes redefined (0 events):
No events

Internal exceptions (0 events):
No events

VM Operations (0 events):
No events

Memory protections (1 events):
Event: 0.002 Protecting memory [0x0000786f9f5bf000,0x0000786f9f5c3000] with protection modes 0

Nmethod flushes (0 events):
No events

Events (0 events):
No events


Dynamic libraries:
680000000-800000000 ---p 00000000 00:00 0 
623334c67000-623334c68000 r-xp 00000000 00:2e 681077                     /usr/local/sdkman/candidates/java/25.0.1-ms/bin/java
623334c69000-623334c6a000 r--p 00001000 00:2e 681077                     /usr/local/sdkman/candidates/java/25.0.1-ms/bin/java
623334c6a000-623334c6b000 rw-p 00002000 00:2e 681077                     /usr/local/sdkman/candidates/java/25.0.1-ms/bin/java
623341c15000-623341c5e000 rw-p 00000000 00:00 0                          [heap]
786f62000000-786f64021000 rw-p 00000000 00:00 0 
786f64021000-786f68000000 ---p 00000000 00:00 0 
786f68000000-786f68021000 rw-p 00000000 00:00 0 
786f68021000-786f6c000000 ---p 00000000 00:00 0 
786f6c000000-786f6c021000 rw-p 00000000 00:00 0 
786f6c021000-786f70000000 ---p 00000000 00:00 0 
786f70800000-786f80400000 ---p 00000000 00:00 0 
786f80400000-786f80670000 rwxp 00000000 00:00 0 
786f80670000-786f87938000 ---p 00000000 00:00 0 
786f87938000-786f87ba8000 rwxp 00000000 00:00 0 
786f87ba8000-786f87ec6000 ---p 00000000 00:00 0 
786f87ec6000-786f88136000 rwxp 00000000 00:00 0 
786f88136000-786f8f400000 ---p 00000000 00:00 0 
786f8f50d000-786f98000000 r--s 00000000 00:2e 681576                     /usr/local/sdkman/candidates/java/25.0.1-ms/lib/modules
786f98000000-786f980a2000 rw-p 00000000 00:00 0 
786f980a2000-786f9c000000 ---p 00000000 00:00 0 
786f9ca2b000-786f9d0fd000 rw-p 00000000 00:00 0 
786f9d0fd000-786f9d0fe000 ---p 00000000 00:00 0 
786f9d0fe000-786f9d1fe000 rw-p 00000000 00:00 0 
786f9d1fe000-786f9d1ff000 ---p 00000000 00:00 0 
786f9d1ff000-786f9d2ff000 rw-p 00000000 00:00 0 
786f9d2ff000-786f9d300000 ---p 00000000 00:00 0 
786f9d300000-786f9d400000 rw-p 00000000 00:00 0 
786f9d400000-786f9f000000 ---p 00000000 00:00 0 
786f9f0ab000-786f9f398000 rw-p 00000000 00:00 0 
786f9f398000-786f9f47e000 ---p 00000000 00:00 0 
786f9f47e000-786f9f483000 rw-p 00000000 00:00 0 
786f9f483000-786f9f48a000 ---p 00000000 00:00 0 
786f9f48a000-786f9f48f000 rw-p 00000000 00:00 0 
786f9f48f000-786f9f575000 ---p 00000000 00:00 0 
786f9f575000-786f9f595000 r-xp 00000000 00:2e 681551                     /usr/local/sdkman/candidates/java/25.0.1-ms/lib/libjava.so
786f9f595000-786f9f596000 r--p 0001f000 00:2e 681551                     /usr/local/sdkman/candidates/java/25.0.1-ms/lib/libjava.so
786f9f596000-786f9f597000 rw-p 00020000 00:2e 681551                     /usr/local/sdkman/candidates/java/25.0.1-ms/lib/libjava.so
786f9f597000-786f9f598000 rw-p 00000000 00:00 0 
786f9f598000-786f9f5a0000 rw-s 00000000 08:21 917518                     /tmp/hsperfdata_codespace/11395
786f9f5a0000-786f9f5bb000 r-xp 00000000 00:2e 681555                     /usr/local/sdkman/candidates/java/25.0.1-ms/lib/libjimage.so
786f9f5bb000-786f9f5bc000 ---p 0001b000 00:2e 681555                     /usr/local/sdkman/candidates/java/25.0.1-ms/lib/libjimage.so
786f9f5bc000-786f9f5be000 r--p 0001b000 00:2e 681555                     /usr/local/sdkman/candidates/java/25.0.1-ms/lib/libjimage.so
786f9f5be000-786f9f5bf000 rw-p 0001d000 00:2e 681555                     /usr/local/sdkman/candidates/java/25.0.1-ms/lib/libjimage.so
786f9f5bf000-786f9f5c3000 ---p 00000000 00:00 0 
786f9f5c3000-786f9f6bf000 rw-p 00000000 00:00 0 
786f9f6bf000-786f9f6cf000 r--p 00000000 00:2e 394146                     /usr/lib/x86_64-linux-gnu/libm.so.6
786f9f6cf000-786f9f74e000 r-xp 00010000 00:2e 394146                     /usr/lib/x86_64-linux-gnu/libm.so.6
786f9f74e000-786f9f7a6000 r--p 0008f000 00:2e 394146                     /usr/lib/x86_64-linux-gnu/libm.so.6
786f9f7a6000-786f9f7a7000 r--p 000e7000 00:2e 394146                     /usr/lib/x86_64-linux-gnu/libm.so.6
786f9f7a7000-786f9f7a8000 rw-p 000e8000 00:2e 394146                     /usr/lib/x86_64-linux-gnu/libm.so.6
786f9f7a8000-786f9f7a9000 r--p 00000000 00:2e 394185                     /usr/lib/x86_64-linux-gnu/librt.so.1
786f9f7a9000-786f9f7aa000 r-xp 00001000 00:2e 394185                     /usr/lib/x86_64-linux-gnu/librt.so.1
786f9f7aa000-786f9f7ab000 r--p 00002000 00:2e 394185                     /usr/lib/x86_64-linux-gnu/librt.so.1
786f9f7ab000-786f9f7ac000 r--p 00002000 00:2e 394185                     /usr/lib/x86_64-linux-gnu/librt.so.1
786f9f7ac000-786f9f7ad000 rw-p 00003000 00:2e 394185                     /usr/lib/x86_64-linux-gnu/librt.so.1
786f9f7ad000-786fa0d50000 r-xp 00000000 00:2e 681589                     /usr/local/sdkman/candidates/java/25.0.1-ms/lib/server/libjvm.so
786fa0d50000-786fa0d51000 ---p 015a3000 00:2e 681589                     /usr/local/sdkman/candidates/java/25.0.1-ms/lib/server/libjvm.so
786fa0d51000-786fa0e3a000 r--p 015a3000 00:2e 681589                     /usr/local/sdkman/candidates/java/25.0.1-ms/lib/server/libjvm.so
786fa0e3a000-786fa0e65000 rw-p 0168c000 00:2e 681589                     /usr/local/sdkman/candidates/java/25.0.1-ms/lib/server/libjvm.so
786fa0e65000-786fa0ee5000 rw-p 00000000 00:00 0 
786fa0ee5000-786fa0ee6000 r--p 00000000 00:2e 394183                     /usr/lib/x86_64-linux-gnu/libpthread.so.0
786fa0ee6000-786fa0ee7000 r-xp 00001000 00:2e 394183                     /usr/lib/x86_64-linux-gnu/libpthread.so.0
786fa0ee7000-786fa0ee8000 r--p 00002000 00:2e 394183                     /usr/lib/x86_64-linux-gnu/libpthread.so.0
786fa0ee8000-786fa0ee9000 r--p 00002000 00:2e 394183                     /usr/lib/x86_64-linux-gnu/libpthread.so.0
786fa0ee9000-786fa0eea000 rw-p 00003000 00:2e 394183                     /usr/lib/x86_64-linux-gnu/libpthread.so.0
786fa0eea000-786fa0eeb000 r--p 00000000 00:2e 394118                     /usr/lib/x86_64-linux-gnu/libdl.so.2
786fa0eeb000-786fa0eec000 r-xp 00001000 00:2e 394118                     /usr/lib/x86_64-linux-gnu/libdl.so.2
786fa0eec000-786fa0eed000 r--p 00002000 00:2e 394118                     /usr/lib/x86_64-linux-gnu/libdl.so.2
786fa0eed000-786fa0eee000 r--p 00002000 00:2e 394118                     /usr/lib/x86_64-linux-gnu/libdl.so.2
786fa0eee000-786fa0eef000 rw-p 00003000 00:2e 394118                     /usr/lib/x86_64-linux-gnu/libdl.so.2
786fa0eef000-786fa0ef1000 r--p 00000000 00:2e 394217                     /usr/lib/x86_64-linux-gnu/libz.so.1.3
786fa0ef1000-786fa0f03000 r-xp 00002000 00:2e 394217                     /usr/lib/x86_64-linux-gnu/libz.so.1.3
786fa0f03000-786fa0f09000 r--p 00014000 00:2e 394217                     /usr/lib/x86_64-linux-gnu/libz.so.1.3
786fa0f09000-786fa0f0a000 r--p 0001a000 00:2e 394217                     /usr/lib/x86_64-linux-gnu/libz.so.1.3
786fa0f0a000-786fa0f0b000 rw-p 0001b000 00:2e 394217                     /usr/lib/x86_64-linux-gnu/libz.so.1.3
786fa0f0b000-786fa0f33000 r--p 00000000 00:2e 394104                     /usr/lib/x86_64-linux-gnu/libc.so.6
786fa0f33000-786fa10bb000 r-xp 00028000 00:2e 394104                     /usr/lib/x86_64-linux-gnu/libc.so.6
786fa10bb000-786fa110a000 r--p 001b0000 00:2e 394104                     /usr/lib/x86_64-linux-gnu/libc.so.6
786fa110a000-786fa110e000 r--p 001fe000 00:2e 394104                     /usr/lib/x86_64-linux-gnu/libc.so.6
786fa110e000-786fa1110000 rw-p 00202000 00:2e 394104                     /usr/lib/x86_64-linux-gnu/libc.so.6
786fa1110000-786fa111d000 rw-p 00000000 00:00 0 
786fa1122000-786fa1123000 ---p 00000000 00:00 0 
786fa1123000-786fa1124000 r--p 00000000 00:00 0 
786fa1124000-786fa1125000 ---p 00000000 00:00 0 
786fa1125000-786fa1133000 r-xp 00000000 00:2e 681556                     /usr/local/sdkman/candidates/java/25.0.1-ms/lib/libjli.so
786fa1133000-786fa1134000 ---p 0000e000 00:2e 681556                     /usr/local/sdkman/candidates/java/25.0.1-ms/lib/libjli.so
786fa1134000-786fa1135000 r--p 0000e000 00:2e 681556                     /usr/local/sdkman/candidates/java/25.0.1-ms/lib/libjli.so
786fa1135000-786fa1136000 rw-p 0000f000 00:2e 681556                     /usr/local/sdkman/candidates/java/25.0.1-ms/lib/libjli.so
786fa1136000-786fa1138000 rw-p 00000000 00:00 0 
786fa1138000-786fa1139000 r--p 00000000 00:2e 394084                     /usr/lib/x86_64-linux-gnu/ld-linux-x86-64.so.2
786fa1139000-786fa1164000 r-xp 00001000 00:2e 394084                     /usr/lib/x86_64-linux-gnu/ld-linux-x86-64.so.2
786fa1164000-786fa116e000 r--p 0002c000 00:2e 394084                     /usr/lib/x86_64-linux-gnu/ld-linux-x86-64.so.2
786fa116e000-786fa1170000 r--p 00036000 00:2e 394084                     /usr/lib/x86_64-linux-gnu/ld-linux-x86-64.so.2
786fa1170000-786fa1172000 rw-p 00038000 00:2e 394084                     /usr/lib/x86_64-linux-gnu/ld-linux-x86-64.so.2
7ffd32e83000-7ffd32ea5000 rw-p 00000000 00:00 0                          [stack]
7ffd32ea9000-7ffd32ead000 r--p 00000000 00:00 0                          [vvar]
7ffd32ead000-7ffd32eaf000 r-xp 00000000 00:00 0                          [vdso]
ffffffffff600000-ffffffffff601000 --xp 00000000 00:00 0                  [vsyscall]
Total number of mappings: 99

JVMTI agents: none


VM Arguments:
jvm_args: -Xmx14G -Xms8G 
java_command: fabric-server-launch.jar nogui
java_class_path (initial): fabric-server-launch.jar
Launcher Type: SUN_STANDARD

[Global flags]
     intx CICompilerCount                          = 2                                         {product} {ergonomic}
     uint ConcGCThreads                            = 1                                         {product} {ergonomic}
     uint G1ConcRefinementThreads                  = 2                                         {product} {ergonomic}
   size_t G1HeapRegionSize                         = 8388608                                   {product} {ergonomic}
   size_t InitialHeapSize                          = 8589934592                                {product} {command line}
   size_t MarkStackSize                            = 4194304                                   {product} {ergonomic}
   size_t MarkStackSizeMax                         = 536870912                                 {product} {ergonomic}
   size_t MaxHeapSize                              = 15032385536                               {product} {command line}
   size_t MinHeapDeltaBytes                        = 8388608                                   {product} {ergonomic}
   size_t MinHeapSize                              = 8589934592                                {product} {command line}
    uintx NonNMethodCodeHeapSize                   = 5824512                                {pd product} {ergonomic}
    uintx NonProfiledCodeHeapSize                  = 122920960                              {pd product} {ergonomic}
    uintx ProfiledCodeHeapSize                     = 122912768                              {pd product} {ergonomic}
    uintx ReservedCodeCacheSize                    = 251658240                              {pd product} {ergonomic}
     bool SegmentedCodeCache                       = true                                      {product} {ergonomic}
   size_t SoftMaxHeapSize                          = 15032385536                            {manageable} {ergonomic}
     bool UseCompressedOops                        = true                           {product lp64_product} {ergonomic}
     bool UseG1GC                                  = true                                      {product} {ergonomic}

Logging:
Log output configuration:
 #0: stdout all=warning uptime,level,tags foldmultilines=false
 #1: stderr all=off uptime,level,tags foldmultilines=false

Release file:
<release file has not been read>
Environment Variables:
JAVA_HOME=/usr/local/sdkman/candidates/java/current
PATH=/usr/local/rvm/gems/ruby-3.4.7/bin:/usr/local/rvm/gems/ruby-3.4.7@global/bin:/usr/local/rvm/rubies/ruby-3.4.7/bin:/vscode/bin/linux-x64/585eba7c0c34fd6b30faac7c62a42050bfbc0086/bin/remote-cli:/home/codespace/.local/bin:/home/codespace/.dotnet:/home/codespace/nvm/current/bin:/home/codespace/.php/current/bin:/home/codespace/.python/current/bin:/home/codespace/java/current/bin:/home/codespace/.ruby/current/bin:/home/codespace/.local/bin:/usr/local/python/current/bin:/usr/local/py-utils/bin:/usr/local/jupyter:/usr/local/oryx:/usr/local/go/bin:/go/bin:/usr/local/sdkman/bin:/usr/local/sdkman/candidates/java/current/bin:/usr/local/sdkman/candidates/gradle/current/bin:/usr/local/sdkman/candidates/maven/current/bin:/usr/local/sdkman/candidates/ant/current/bin:/usr/local/rvm/gems/default/bin:/usr/local/rvm/gems/default@global/bin:/usr/local/rvm/rubies/default/bin:/usr/local/share/rbenv/bin:/usr/local/php/current/bin:/opt/conda/bin:/usr/local/nvs:/usr/local/share/nvm/versions/node/v24.11.1/bin:/usr/local/hugo/bin:/usr/local/sbin:/usr/local/bin:/usr/sbin:/usr/bin:/sbin:/bin:/usr/share/dotnet:/home/codespace/.dotnet/tools:/usr/local/rvm/bin
SHELL=/bin/bash
LANG=C.UTF-8
TERM=xterm-256color

Active Locale:
LC_ALL=C
LC_COLLATE=C
LC_CTYPE=C
LC_MESSAGES=C
LC_MONETARY=C
LC_NUMERIC=C
LC_TIME=C

Signal Handlers:
   SIGSEGV: crash_handler in libjvm.so, mask=11100100010111111101111111111110, flags=SA_RESTART|SA_SIGINFO, unblocked
    SIGBUS: crash_handler in libjvm.so, mask=11100100010111111101111111111110, flags=SA_RESTART|SA_SIGINFO, unblocked
    SIGFPE: crash_handler in libjvm.so, mask=11100100010111111101111111111110, flags=SA_RESTART|SA_SIGINFO, unblocked
   SIGPIPE: javaSignalHandler in libjvm.so, mask=11100100010111111101111111111110, flags=SA_RESTART|SA_SIGINFO, blocked
   SIGXFSZ: javaSignalHandler in libjvm.so, mask=11100100010111111101111111111110, flags=SA_RESTART|SA_SIGINFO, blocked
    SIGILL: crash_handler in libjvm.so, mask=11100100010111111101111111111110, flags=SA_RESTART|SA_SIGINFO, unblocked
   SIGUSR2: SR_handler in libjvm.so, mask=00000000000000000000000000000000, flags=SA_RESTART|SA_SIGINFO, blocked
    SIGHUP: SIG_DFL, mask=00000000000000000000000000000000, flags=none, blocked
    SIGINT: SIG_DFL, mask=00000000000000000000000000000000, flags=none, blocked
   SIGTERM: SIG_DFL, mask=00000000000000000000000000000000, flags=none, blocked
   SIGQUIT: UserHandler in libjvm.so, mask=11100100010111111101111111111110, flags=SA_RESTART|SA_SIGINFO, blocked
   SIGTRAP: crash_handler in libjvm.so, mask=11100100010111111101111111111110, flags=SA_RESTART|SA_SIGINFO, unblocked


Compilation memory statistics disabled.

Periodic native trim disabled

---------------  S Y S T E M  ---------------

OS:
DISTRIB_ID=Ubuntu
DISTRIB_RELEASE=24.04
DISTRIB_CODENAME=noble
DISTRIB_DESCRIPTION="Ubuntu 24.04.3 LTS"
uname: Linux 6.8.0-1030-azure #35~22.04.1-Ubuntu SMP Mon May 26 18:08:30 UTC 2025 x86_64
OS uptime: 0 days 0:10 hours
libc: glibc 2.39 NPTL 2.39 
rlimit (soft/hard): STACK 8192k/infinity , CORE infinity/infinity , NPROC infinity/infinity , NOFILE 1048576/1048576 , AS infinity/infinity , CPU infinity/infinity , DATA infinity/infinity , FSIZE infinity/infinity , MEMLOCK 8192k/8192k
load average: 1.00 1.79 1.33

/proc/meminfo:
MemTotal:        8135328 kB
MemFree:          264160 kB
MemAvailable:    6289092 kB
Buffers:          256672 kB
Cached:          5840664 kB
SwapCached:            0 kB
Active:          3358396 kB
Inactive:        3939228 kB
Active(anon):    1034300 kB
Inactive(anon):   238404 kB
Active(file):    2324096 kB
Inactive(file):  3700824 kB
Unevictable:       31080 kB
Mlocked:           28008 kB
SwapTotal:             0 kB
SwapFree:              0 kB
Zswap:                 0 kB
Zswapped:              0 kB
Dirty:              2180 kB
Writeback:             0 kB
AnonPages:       1212632 kB
Mapped:           553940 kB
Shmem:             63308 kB
KReclaimable:     313640 kB
Slab:             412272 kB
SReclaimable:     313640 kB
SUnreclaim:        98632 kB
KernelStack:        6880 kB
PageTables:        21620 kB
SecPageTables:         0 kB
NFS_Unstable:          0 kB
Bounce:                0 kB
WritebackTmp:          0 kB
CommitLimit:     4067664 kB
Committed_AS:    3023536 kB
VmallocTotal:   34359738367 kB
VmallocUsed:       40176 kB
VmallocChunk:          0 kB
Percpu:             1184 kB
HardwareCorrupted:     0 kB
AnonHugePages:    587776 kB
ShmemHugePages:        0 kB
ShmemPmdMapped:        0 kB
FileHugePages:         0 kB
FilePmdMapped:         0 kB
Unaccepted:            0 kB
HugePages_Total:       0
HugePages_Free:        0
HugePages_Rsvd:        0
HugePages_Surp:        0
Hugepagesize:       2048 kB
Hugetlb:               0 kB
DirectMap4k:      112576 kB
DirectMap2M:     4081664 kB
DirectMap1G:     6291456 kB

/sys/kernel/mm/transparent_hugepage/enabled: [always] madvise never
/sys/kernel/mm/transparent_hugepage/hpage_pmd_size: 2097152
/sys/kernel/mm/transparent_hugepage/shmem_enabled: always within_size advise [never] deny force
/sys/kernel/mm/transparent_hugepage/defrag (defrag/compaction efforts parameter): always defer defer+madvise [madvise] never

Process Memory:
Virtual Size: 7305208K (peak: 15688888K)
Resident Set Size: 21888K (peak: 21888K) (anon: 7680K, file: 14208K, shmem: 0K)
Swapped out: 0K
C-Heap outstanding allocations: 10469K, retained: 586K
glibc malloc tunables: (default)

/proc/sys/kernel/threads-max (system-wide limit on the number of threads): 63498
/proc/sys/vm/max_map_count (maximum number of memory map areas a process may have): 65530
/proc/sys/vm/swappiness (control to define how aggressively the kernel swaps out anonymous memory): 60
/proc/sys/kernel/pid_max (system-wide limit on number of process identifiers): 4194304

container information not found.
Hyper-V virtualization detected
Steal ticks since vm start: 0
Steal ticks percentage since vm start:  0.000

CPU: total 2 (initial active 2) (16 cores per cpu, 2 threads per core) family 25 model 1 stepping 1 microcode 0xffffffff, cx8, cmov, fxsr, ht, mmx, 3dnowpref, sse, sse2, sse3, ssse3, sse4a, sse4.1, sse4.2, popcnt, lzcnt, tsc, tscinvbit, avx, avx2, aes, erms, clmul, bmi1, bmi2, adx, sha, fma, vzeroupper, clflush, clflushopt, clwb, hv, rdtscp, rdpid, fsrm, f16c, cet_ss
CPU Model and flags from /proc/cpuinfo:
model name	: AMD EPYC 7763 64-Core Processor
flags		: fpu vme de pse tsc msr pae mce cx8 apic sep mtrr pge mca cmov pat pse36 clflush mmx fxsr sse sse2 ht syscall nx mmxext fxsr_opt pdpe1gb rdtscp lm constant_tsc rep_good nopl tsc_reliable nonstop_tsc cpuid extd_apicid aperfmperf tsc_known_freq pni pclmulqdq ssse3 fma cx16 pcid sse4_1 sse4_2 movbe popcnt aes xsave avx f16c rdrand hypervisor lahf_lm cmp_legacy svm cr8_legacy abm sse4a misalignsse 3dnowprefetch osvw topoext vmmcall fsgsbase bmi1 avx2 smep bmi2 erms invpcid rdseed adx smap clflushopt clwb sha_ni xsaveopt xsavec xgetbv1 xsaves user_shstk clzero xsaveerptr rdpru arat npt nrip_save tsc_scale vmcb_clean flushbyasid decodeassists pausefilter pfthreshold v_vmsave_vmload umip vaes vpclmulqdq rdpid fsrm

Online cpus: 0-1
Offline cpus: 
BIOS frequency limitation: <Not Available>
Frequency switch latency (ns): <Not Available>
Available cpu frequencies: <Not Available>
Current governor: <Not Available>
Core performance/turbo boost: <Not Available>

Memory: 4k page, physical 8135328k(6289092k free), swap 0k(0k free)
Page Sizes: 4k

vm_info: OpenJDK 64-Bit Server VM (25.0.1+8-LTS) for linux-amd64 JRE (25.0.1+8-LTS), built on 2025-10-13T21:28:09Z with gcc 11.3.0

END.
